				0 0 0
				6.35885e+07 6.25977e+07 6.2605e+07
1000 0.006448

				0 0 0
				6.35885e+07 6.25977e+07 6.2605e+07
1000 0.00448

				0 0 0
				6.35885e+07 6.25977e+07 6.2605e+07
1000 0.004459

				0 0 0
				3.26651e+08 3.23952e+08 3.24909e+08
5000 0.024881

				0 0 0
				3.26651e+08 3.23952e+08 3.24909e+08
5000 0.024623

				0 0 0
				3.26651e+08 3.23952e+08 3.24909e+08
5000 0.024828

				0 0 0
				6.77887e+08 6.77953e+08 6.7543e+08
10000 0.0573

				0 0 0
				6.77887e+08 6.77953e+08 6.7543e+08
10000 0.058135

				0 0 0
				6.77887e+08 6.77953e+08 6.7543e+08
10000 0.057317

				0 0 0
				8.90574e+08 8.88018e+08 8.88993e+08
15000 0.086417

				0 0 0
				8.90574e+08 8.88018e+08 8.88993e+08
15000 0.086908

				0 0 0
				8.90574e+08 8.88018e+08 8.88993e+08
15000 0.086046

				0 0 0
				1.30512e+09 1.29522e+09 1.29885e+09
20000 0.115834

				0 0 0
				1.30512e+09 1.29522e+09 1.29885e+09
20000 0.114844

				0 0 0
				1.30512e+09 1.29522e+09 1.29885e+09
20000 0.115583

				0 0 0
				1.80202e+09 1.78648e+09 1.79811e+09
30000 0.17237

				0 0 0
				1.80202e+09 1.78648e+09 1.79811e+09
30000 0.17399

				0 0 0
				1.80202e+09 1.78648e+09 1.79811e+09
30000 0.173647

				0 0 0
				2.52011e+09 2.49744e+09 2.51815e+09
40000 0.232086

				0 0 0
				2.52011e+09 2.49744e+09 2.51815e+09
40000 0.235441

				0 0 0
				2.52011e+09 2.49744e+09 2.51815e+09
40000 0.234231

				0 0 0
				3.03354e+09 3.0158e+09 3.04014e+09
50000 0.295604

				0 0 0
				3.03354e+09 3.0158e+09 3.04014e+09
50000 0.305999

				0 0 0
				3.03354e+09 3.0158e+09 3.04014e+09
50000 0.328809

				0 0 0
				6.3857e+09 6.3706e+09 6.38918e+09
100000 1.53506

				0 0 0
				6.3857e+09 6.3706e+09 6.38918e+09
100000 1.49169

				0 0 0
				6.3857e+09 6.3706e+09 6.38918e+09
100000 1.47101

				0 0 0
				1.56899e+10 1.56782e+10 1.57218e+10
250000 4.00413

				0 0 0
				1.56899e+10 1.56782e+10 1.57218e+10
250000 4.0178

				0 0 0
				1.56899e+10 1.56782e+10 1.57218e+10
250000 4.00917

				0 0 0
				3.08228e+10 3.08091e+10 3.08434e+10
500000 8.04092

				0 0 0
				3.08228e+10 3.08091e+10 3.08434e+10
500000 8.02126

				0 0 0
				3.08228e+10 3.08091e+10 3.08434e+10
500000 8.01121

				0 0 0
				6.33227e+10 6.33135e+10 6.33705e+10
1000000 16.0436

				0 0 0
				6.33227e+10 6.33135e+10 6.33705e+10
1000000 16.0172

				0 0 0
				6.33227e+10 6.33135e+10 6.33705e+10
1000000 16.0179

